build/app/intermediates/manifest_merge_blame_file/debug/manifest-merger-blame-debug-report.txt
1<?xml version="1.0" encoding="utf-8"?>
2<manifest xmlns:android="http://schemas.android.com/apk/res/android"
3    package="com.casareafer.sugar_meter"
4    android:versionCode="1"
5    android:versionName="1.0.0" >
6
7    <uses-sdk
8        android:minSdkVersion="16"
9        android:targetSdkVersion="30" />
10    <!--
11         Flutter needs it to communicate with the running application
12         to allow setting breakpoints, to provide hot reload, etc.
13    -->
14    <uses-permission android:name="android.permission.INTERNET" />
14-->src/main/AndroidManifest.xml:4:5-67
14-->src/main/AndroidManifest.xml:4:22-64
15    <uses-permission android:name="android.permission.ACCESS_NETWORK_STATE" />
15-->[com.google.firebase:firebase-auth:21.0.1] AndroidManifest.xml:24:5-79
15-->[com.google.firebase:firebase-auth:21.0.1] AndroidManifest.xml:24:22-76
16    <uses-permission android:name="com.google.android.finsky.permission.BIND_GET_INSTALL_REFERRER_SERVICE" />
16-->[com.android.installreferrer:installreferrer:1.0] AndroidManifest.xml:9:5-110
16-->[com.android.installreferrer:installreferrer:1.0] AndroidManifest.xml:9:22-107
17
18    <application
18-->src/main/AndroidManifest.xml:7:5-62:19
19        android:name="androidx.multidex.MultiDexApplication"
20        android:appComponentFactory="androidx.core.app.CoreComponentFactory"
20-->[androidx.core:core:1.3.2] AndroidManifest.xml:24:18-86
21        android:debuggable="true"
22        android:icon="@mipmap/ic_launcher"
22-->src/main/AndroidManifest.xml:8:9-43
23        android:label="sugar_meter"
23-->src/main/AndroidManifest.xml:9:9-36
24        android:supportsRtl="true" >
24-->[com.facebook.android:facebook-login:11.2.0] AndroidManifest.xml:28:18-44
25        <activity
25-->src/main/AndroidManifest.xml:10:9-36:20
26            android:name="com.casareafer.sugar_meter.MainActivity"
26-->src/main/AndroidManifest.xml:11:13-41
27            android:configChanges="orientation|keyboardHidden|keyboard|screenSize|smallestScreenSize|locale|layoutDirection|fontScale|screenLayout|density|uiMode"
27-->src/main/AndroidManifest.xml:12:13-163
28            android:hardwareAccelerated="true"
28-->src/main/AndroidManifest.xml:13:13-47
29            android:launchMode="singleTop"
29-->src/main/AndroidManifest.xml:14:13-43
30            android:theme="@style/LaunchTheme"
30-->src/main/AndroidManifest.xml:15:13-47
31            android:windowSoftInputMode="adjustResize" >
31-->src/main/AndroidManifest.xml:16:13-55
32
33            <!--
34                 Specifies an Android theme to apply to this Activity as soon as
35                 the Android process has started. This theme is visible to the user
36                 while the Flutter UI initializes. After that, this theme continues
37                 to determine the Window background behind the Flutter UI.
38            -->
39            <meta-data
39-->src/main/AndroidManifest.xml:21:13-23:57
40                android:name="io.flutter.embedding.android.NormalTheme"
40-->src/main/AndroidManifest.xml:22:17-72
41                android:resource="@style/NormalTheme" />
41-->src/main/AndroidManifest.xml:23:17-54
42            <!--
43                 Displays an Android View that continues showing the launch screen
44                 Drawable until Flutter paints its first frame, then this splash
45                 screen fades out. A splash screen is useful to avoid any visual
46                 gap between the end of Android's launch screen and the painting of
47                 Flutter's first frame.
48            -->
49            <meta-data
49-->src/main/AndroidManifest.xml:29:13-31:66
50                android:name="io.flutter.embedding.android.SplashScreenDrawable"
50-->src/main/AndroidManifest.xml:30:17-81
51                android:resource="@drawable/launch_background" />
51-->src/main/AndroidManifest.xml:31:17-63
52
53            <intent-filter>
53-->src/main/AndroidManifest.xml:32:13-35:29
54                <action android:name="android.intent.action.MAIN" />
54-->src/main/AndroidManifest.xml:33:17-69
54-->src/main/AndroidManifest.xml:33:25-66
55
56                <category android:name="android.intent.category.LAUNCHER" />
56-->src/main/AndroidManifest.xml:34:17-77
56-->src/main/AndroidManifest.xml:34:27-74
57            </intent-filter>
58        </activity>
59
60        <meta-data
60-->src/main/AndroidManifest.xml:37:9-39:55
61            android:name="com.facebook.sdk.ApplicationId"
61-->src/main/AndroidManifest.xml:38:13-58
62            android:value="@string/facebook_app_id" />
62-->src/main/AndroidManifest.xml:39:13-52
63
64        <activity
64-->src/main/AndroidManifest.xml:41:9-44:48
65            android:name="com.facebook.FacebookActivity"
65-->src/main/AndroidManifest.xml:42:13-57
66            android:configChanges="keyboard|keyboardHidden|screenLayout|screenSize|orientation"
66-->src/main/AndroidManifest.xml:43:13-96
67            android:label="@string/app_name"
67-->src/main/AndroidManifest.xml:44:13-45
68            android:theme="@style/com_facebook_activity_theme" />
68-->[com.facebook.android:facebook-common:11.2.0] AndroidManifest.xml:33:13-63
69        <activity
69-->src/main/AndroidManifest.xml:45:9-55:20
70            android:name="com.facebook.CustomTabActivity"
70-->src/main/AndroidManifest.xml:46:13-58
71            android:exported="true" >
71-->src/main/AndroidManifest.xml:47:13-36
72            <intent-filter>
72-->src/main/AndroidManifest.xml:48:13-54:29
73                <action android:name="android.intent.action.VIEW" />
73-->src/main/AndroidManifest.xml:48:28-80
73-->src/main/AndroidManifest.xml:48:36-77
74
75                <category android:name="android.intent.category.DEFAULT" />
75-->src/main/AndroidManifest.xml:50:17-76
75-->src/main/AndroidManifest.xml:50:27-73
76                <category android:name="android.intent.category.BROWSABLE" />
76-->src/main/AndroidManifest.xml:51:17-78
76-->src/main/AndroidManifest.xml:51:27-75
77
78                <data android:scheme="@string/fb_login_protocol_scheme" />
78-->src/main/AndroidManifest.xml:53:17-75
78-->src/main/AndroidManifest.xml:53:23-72
79            </intent-filter>
80            <intent-filter>
80-->[com.facebook.android:facebook-common:11.2.0] AndroidManifest.xml:39:13-48:29
81                <action android:name="android.intent.action.VIEW" />
81-->src/main/AndroidManifest.xml:48:28-80
81-->src/main/AndroidManifest.xml:48:36-77
82
83                <category android:name="android.intent.category.DEFAULT" />
83-->src/main/AndroidManifest.xml:50:17-76
83-->src/main/AndroidManifest.xml:50:27-73
84                <category android:name="android.intent.category.BROWSABLE" />
84-->src/main/AndroidManifest.xml:51:17-78
84-->src/main/AndroidManifest.xml:51:27-75
85
86                <data
86-->src/main/AndroidManifest.xml:53:17-75
87                    android:host="cct.com.casareafer.sugar_meter"
88                    android:scheme="fbconnect" />
88-->src/main/AndroidManifest.xml:53:23-72
89            </intent-filter>
90        </activity>
91
92        <!--
93             Don't delete the meta-data below.
94             This is used by the Flutter tool to generate GeneratedPluginRegistrant.java
95        -->
96        <meta-data
96-->src/main/AndroidManifest.xml:59:9-61:33
97            android:name="flutterEmbedding"
97-->src/main/AndroidManifest.xml:60:13-44
98            android:value="2" />
98-->src/main/AndroidManifest.xml:61:13-30
99
100        <service
100-->[:firebase_auth] AndroidManifest.xml:8:9-12:19
101            android:name="com.google.firebase.components.ComponentDiscoveryService"
101-->[:firebase_auth] AndroidManifest.xml:8:18-89
102            android:directBootAware="true"
102-->[com.google.firebase:firebase-common:20.0.0] AndroidManifest.xml:35:13-43
103            android:exported="false" >
103-->[com.google.firebase:firebase-auth:21.0.1] AndroidManifest.xml:76:13-37
104            <meta-data
104-->[:firebase_auth] AndroidManifest.xml:9:13-11:85
105                android:name="com.google.firebase.components:io.flutter.plugins.firebase.auth.FlutterFirebaseAuthRegistrar"
105-->[:firebase_auth] AndroidManifest.xml:10:17-124
106                android:value="com.google.firebase.components.ComponentRegistrar" />
106-->[:firebase_auth] AndroidManifest.xml:11:17-82
107            <meta-data
107-->[:firebase_core] AndroidManifest.xml:9:13-11:85
108                android:name="com.google.firebase.components:io.flutter.plugins.firebase.core.FlutterFirebaseCoreRegistrar"
108-->[:firebase_core] AndroidManifest.xml:10:17-124
109                android:value="com.google.firebase.components.ComponentRegistrar" />
109-->[:firebase_core] AndroidManifest.xml:11:17-82
110            <meta-data
110-->[com.google.firebase:firebase-auth:21.0.1] AndroidManifest.xml:77:13-79:85
111                android:name="com.google.firebase.components:com.google.firebase.auth.FirebaseAuthRegistrar"
111-->[com.google.firebase:firebase-auth:21.0.1] AndroidManifest.xml:78:17-109
112                android:value="com.google.firebase.components.ComponentRegistrar" />
112-->[com.google.firebase:firebase-auth:21.0.1] AndroidManifest.xml:79:17-82
113        </service>
114
115        <activity android:name="com.facebook.CustomTabMainActivity" />
115-->[com.facebook.android:facebook-common:11.2.0] AndroidManifest.xml:34:9-71
115-->[com.facebook.android:facebook-common:11.2.0] AndroidManifest.xml:34:19-68
116        <!--
117         The initialization ContentProvider will call FacebookSdk.sdkInitialize automatically
118         with the application context. This config is merged in with the host app's manifest,
119         but there can only be one provider with the same authority activated at any given
120         point; so if the end user has two or more different apps that use Facebook SDK, only the
121         first one will be able to use the provider. To work around this problem, we use the
122         following placeholder in the authority to identify each host application as if it was
123         a completely different provider.
124        -->
125        <provider
125-->[com.facebook.android:facebook-core:11.2.0] AndroidManifest.xml:39:9-42:40
126            android:name="com.facebook.internal.FacebookInitProvider"
126-->[com.facebook.android:facebook-core:11.2.0] AndroidManifest.xml:40:13-70
127            android:authorities="com.casareafer.sugar_meter.FacebookInitProvider"
127-->[com.facebook.android:facebook-core:11.2.0] AndroidManifest.xml:41:13-72
128            android:exported="false" />
128-->[com.facebook.android:facebook-core:11.2.0] AndroidManifest.xml:42:13-37
129
130        <receiver
130-->[com.facebook.android:facebook-core:11.2.0] AndroidManifest.xml:44:9-50:20
131            android:name="com.facebook.CurrentAccessTokenExpirationBroadcastReceiver"
131-->[com.facebook.android:facebook-core:11.2.0] AndroidManifest.xml:45:13-86
132            android:exported="false" >
132-->[com.facebook.android:facebook-core:11.2.0] AndroidManifest.xml:46:13-37
133            <intent-filter>
133-->[com.facebook.android:facebook-core:11.2.0] AndroidManifest.xml:47:13-49:29
134                <action android:name="com.facebook.sdk.ACTION_CURRENT_ACCESS_TOKEN_CHANGED" />
134-->[com.facebook.android:facebook-core:11.2.0] AndroidManifest.xml:48:17-95
134-->[com.facebook.android:facebook-core:11.2.0] AndroidManifest.xml:48:25-92
135            </intent-filter>
136        </receiver>
137
138        <activity
138-->[com.google.firebase:firebase-auth:21.0.1] AndroidManifest.xml:27:9-44:20
139            android:name="com.google.firebase.auth.internal.GenericIdpActivity"
139-->[com.google.firebase:firebase-auth:21.0.1] AndroidManifest.xml:28:13-80
140            android:excludeFromRecents="true"
140-->[com.google.firebase:firebase-auth:21.0.1] AndroidManifest.xml:29:13-46
141            android:exported="true"
141-->[com.google.firebase:firebase-auth:21.0.1] AndroidManifest.xml:30:13-36
142            android:launchMode="singleTask"
142-->[com.google.firebase:firebase-auth:21.0.1] AndroidManifest.xml:31:13-44
143            android:theme="@android:style/Theme.Translucent.NoTitleBar" >
143-->[com.google.firebase:firebase-auth:21.0.1] AndroidManifest.xml:32:13-72
144            <intent-filter>
144-->[com.google.firebase:firebase-auth:21.0.1] AndroidManifest.xml:33:13-43:29
145                <action android:name="android.intent.action.VIEW" />
145-->src/main/AndroidManifest.xml:48:28-80
145-->src/main/AndroidManifest.xml:48:36-77
146
147                <category android:name="android.intent.category.DEFAULT" />
147-->src/main/AndroidManifest.xml:50:17-76
147-->src/main/AndroidManifest.xml:50:27-73
148                <category android:name="android.intent.category.BROWSABLE" />
148-->src/main/AndroidManifest.xml:51:17-78
148-->src/main/AndroidManifest.xml:51:27-75
149
150                <data
150-->src/main/AndroidManifest.xml:53:17-75
151                    android:host="firebase.auth"
152                    android:path="/"
153                    android:scheme="genericidp" />
153-->src/main/AndroidManifest.xml:53:23-72
154            </intent-filter>
155        </activity>
156        <activity
156-->[com.google.firebase:firebase-auth:21.0.1] AndroidManifest.xml:45:9-62:20
157            android:name="com.google.firebase.auth.internal.RecaptchaActivity"
157-->[com.google.firebase:firebase-auth:21.0.1] AndroidManifest.xml:46:13-79
158            android:excludeFromRecents="true"
158-->[com.google.firebase:firebase-auth:21.0.1] AndroidManifest.xml:47:13-46
159            android:exported="true"
159-->[com.google.firebase:firebase-auth:21.0.1] AndroidManifest.xml:48:13-36
160            android:launchMode="singleTask"
160-->[com.google.firebase:firebase-auth:21.0.1] AndroidManifest.xml:49:13-44
161            android:theme="@android:style/Theme.Translucent.NoTitleBar" >
161-->[com.google.firebase:firebase-auth:21.0.1] AndroidManifest.xml:50:13-72
162            <intent-filter>
162-->[com.google.firebase:firebase-auth:21.0.1] AndroidManifest.xml:51:13-61:29
163                <action android:name="android.intent.action.VIEW" />
163-->src/main/AndroidManifest.xml:48:28-80
163-->src/main/AndroidManifest.xml:48:36-77
164
165                <category android:name="android.intent.category.DEFAULT" />
165-->src/main/AndroidManifest.xml:50:17-76
165-->src/main/AndroidManifest.xml:50:27-73
166                <category android:name="android.intent.category.BROWSABLE" />
166-->src/main/AndroidManifest.xml:51:17-78
166-->src/main/AndroidManifest.xml:51:27-75
167
168                <data
168-->src/main/AndroidManifest.xml:53:17-75
169                    android:host="firebase.auth"
170                    android:path="/"
171                    android:scheme="recaptcha" />
171-->src/main/AndroidManifest.xml:53:23-72
172            </intent-filter>
173        </activity>
174
175        <service
175-->[com.google.firebase:firebase-auth:21.0.1] AndroidManifest.xml:64:9-73:19
176            android:name="com.google.firebase.auth.api.fallback.service.FirebaseAuthFallbackService"
176-->[com.google.firebase:firebase-auth:21.0.1] AndroidManifest.xml:65:13-101
177            android:enabled="true"
177-->[com.google.firebase:firebase-auth:21.0.1] AndroidManifest.xml:66:13-35
178            android:exported="false" >
178-->[com.google.firebase:firebase-auth:21.0.1] AndroidManifest.xml:67:13-37
179            <intent-filter>
179-->[com.google.firebase:firebase-auth:21.0.1] AndroidManifest.xml:68:13-72:29
180                <action android:name="com.google.firebase.auth.api.gms.service.START" />
180-->[com.google.firebase:firebase-auth:21.0.1] AndroidManifest.xml:69:17-89
180-->[com.google.firebase:firebase-auth:21.0.1] AndroidManifest.xml:69:25-86
181
182                <category android:name="android.intent.category.DEFAULT" />
182-->src/main/AndroidManifest.xml:50:17-76
182-->src/main/AndroidManifest.xml:50:27-73
183            </intent-filter>
184        </service>
185
186        <provider
186-->[com.google.firebase:firebase-common:20.0.0] AndroidManifest.xml:26:9-31:39
187            android:name="com.google.firebase.provider.FirebaseInitProvider"
187-->[com.google.firebase:firebase-common:20.0.0] AndroidManifest.xml:27:13-77
188            android:authorities="com.casareafer.sugar_meter.firebaseinitprovider"
188-->[com.google.firebase:firebase-common:20.0.0] AndroidManifest.xml:28:13-72
189            android:directBootAware="true"
189-->[com.google.firebase:firebase-common:20.0.0] AndroidManifest.xml:29:13-43
190            android:exported="false"
190-->[com.google.firebase:firebase-common:20.0.0] AndroidManifest.xml:30:13-37
191            android:initOrder="100" />
191-->[com.google.firebase:firebase-common:20.0.0] AndroidManifest.xml:31:13-36
192
193        <activity
193-->[com.google.android.gms:play-services-auth:16.0.1] AndroidManifest.xml:23:9-27:75
194            android:name="com.google.android.gms.auth.api.signin.internal.SignInHubActivity"
194-->[com.google.android.gms:play-services-auth:16.0.1] AndroidManifest.xml:24:13-93
195            android:excludeFromRecents="true"
195-->[com.google.android.gms:play-services-auth:16.0.1] AndroidManifest.xml:25:13-46
196            android:exported="false"
196-->[com.google.android.gms:play-services-auth:16.0.1] AndroidManifest.xml:26:13-37
197            android:theme="@android:style/Theme.Translucent.NoTitleBar" />
197-->[com.google.android.gms:play-services-auth:16.0.1] AndroidManifest.xml:27:13-72
198        <!--
199            Service handling Google Sign-In user revocation. For apps that do not integrate with
200            Google Sign-In, this service will never be started.
201        -->
202        <service
202-->[com.google.android.gms:play-services-auth:16.0.1] AndroidManifest.xml:33:9-36:110
203            android:name="com.google.android.gms.auth.api.signin.RevocationBoundService"
203-->[com.google.android.gms:play-services-auth:16.0.1] AndroidManifest.xml:34:13-89
204            android:exported="true"
204-->[com.google.android.gms:play-services-auth:16.0.1] AndroidManifest.xml:35:13-36
205            android:permission="com.google.android.gms.auth.api.signin.permission.REVOCATION_NOTIFICATION" />
205-->[com.google.android.gms:play-services-auth:16.0.1] AndroidManifest.xml:36:13-107
206
207        <activity
207-->[com.google.android.gms:play-services-base:17.1.0] AndroidManifest.xml:23:9-26:75
208            android:name="com.google.android.gms.common.api.GoogleApiActivity"
208-->[com.google.android.gms:play-services-base:17.1.0] AndroidManifest.xml:24:13-79
209            android:exported="false"
209-->[com.google.android.gms:play-services-base:17.1.0] AndroidManifest.xml:25:13-37
210            android:theme="@android:style/Theme.Translucent.NoTitleBar" />
210-->[com.google.android.gms:play-services-base:17.1.0] AndroidManifest.xml:26:13-72
211
212        <meta-data
212-->[com.google.android.gms:play-services-basement:17.1.0] AndroidManifest.xml:23:9-25:69
213            android:name="com.google.android.gms.version"
213-->[com.google.android.gms:play-services-basement:17.1.0] AndroidManifest.xml:24:13-58
214            android:value="@integer/google_play_services_version" />
214-->[com.google.android.gms:play-services-basement:17.1.0] AndroidManifest.xml:25:13-66
215    </application>
216
217</manifest>